<?xml version="1.0" encoding="UTF-8"?>
<!-- Generated by org.testng.reporters.JUnitReportReporter -->
<testsuite hostname="john-PC" name="DriverFactory.DataDrivenframeWork" tests="1" failures="0" timestamp="13 Mar 2020 05:06:38 GMT" time="31.078" errors="0">
  <testcase name="verifyLogin" time="31.078" classname="DriverFactory.DataDrivenframeWork"/>
</testsuite> <!-- DriverFactory.DataDrivenframeWork -->
