<?xml version="1.0" encoding="UTF-8"?>
<!-- Generated by org.testng.reporters.JUnitReportReporter -->
<testsuite hostname="john-PC" name="DriverFactory.TestScript" tests="2" failures="0" timestamp="14 Mar 2020 04:02:27 GMT" time="103.186" errors="0">
  <testcase name="branchc" time="61.031" classname="DriverFactory.TestScript"/>
  <testcase name="updatebranch" time="42.155" classname="DriverFactory.TestScript"/>
</testsuite> <!-- DriverFactory.TestScript -->
