<?xml version="1.0" encoding="UTF-8"?>
<!-- Generated by org.testng.reporters.JUnitReportReporter -->
<testsuite hostname="john-PC" name="DriverFactory.DriverScript" tests="1" failures="0" timestamp="16 Mar 2020 05:35:17 GMT" time="111.695" errors="0">
  <testcase name="startTest" time="111.695" classname="DriverFactory.DriverScript"/>
</testsuite> <!-- DriverFactory.DriverScript -->
